<?xml version="1.0" encoding="UTF-8"?>
<!-- Generated by org.testng.reporters.JUnitXMLReporter -->
<testsuite ignored="0" hostname="WINDOWS-VR8S4HP" failures="0" tests="5" name="Default test" time="0.125" errors="0" timestamp="2022-04-24T20:01:29 IST">
  <testcase classname="qaclickacademy.Mavenjava.AppiumTest" name="deleteTwitter" time="0.017"/>
  <testcase classname="qaclickacademy.Mavenjava.AppiumTest" name="postJira" time="0.001"/>
  <testcase classname="qaclickacademy.Mavenjava.RestApiTest" name="IOSApp" time="0.002"/>
  <testcase classname="qaclickacademy.Mavenjava.RestApiTest" name="nativeAppAndroid" time="0.001"/>
  <testcase classname="qaclickacademy.Mavenjava.SeleniumTest" name="elementUi" time="0.001"/>
</testsuite> <!-- Default test -->
