<?xml version="1.0" encoding="UTF-8"?>
<!-- Generated by org.testng.reporters.JUnitXMLReporter -->
<testsuite hostname="WINDOWS-VR8S4HP" ignored="0" name="Command line test" tests="6" failures="0" timestamp="2022-04-25T11:05:24 IST" time="0.092" errors="0">
  <testcase name="deleteTwitter" time="0.014" classname="qaclickacademy.Mavenjava.AppiumTest"/>
  <testcase name="postJira" time="0.0" classname="qaclickacademy.Mavenjava.AppiumTest"/>
  <testcase name="IOSApp" time="0.0" classname="qaclickacademy.Mavenjava.RestApiTest"/>
  <testcase name="nativeAppAndroid" time="0.001" classname="qaclickacademy.Mavenjava.RestApiTest"/>
  <testcase name="elementUi" time="0.0" classname="qaclickacademy.Mavenjava.SeleniumTest"/>
  <testcase name="websiteAutomation" time="0.0" classname="qaclickacademy.Mavenjava.SeleniumTest"/>
</testsuite> <!-- Command line test -->
