<?xml version="1.0" encoding="UTF-8"?>
<!-- Generated by org.testng.reporters.JUnitXMLReporter -->
<testsuite ignored="0" hostname="WINDOWS-VR8S4HP" failures="0" tests="6" name="Test" time="0.155" errors="0" timestamp="2022-04-25T08:30:29 IST">
  <testcase classname="qaclickacademy.Mavenjava.RestApiTest" name="IOSApp" time="0.015"/>
  <testcase classname="qaclickacademy.Mavenjava.RestApiTest" name="nativeAppAndroid" time="0.001"/>
  <testcase classname="qaclickacademy.Mavenjava.AppiumTest" name="deleteTwitter" time="0.001"/>
  <testcase classname="qaclickacademy.Mavenjava.AppiumTest" name="postJira" time="0.001"/>
  <testcase classname="qaclickacademy.Mavenjava.SeleniumTest" name="elementUi" time="0.001"/>
  <testcase classname="qaclickacademy.Mavenjava.SeleniumTest" name="websiteAutomation" time="0.002"/>
</testsuite> <!-- Test -->
