<?xml version="1.0" encoding="UTF-8"?>
<testng-results ignored="0" total="5" passed="5" failed="0" skipped="0">
  <reporter-output>
  </reporter-output>
  <suite started-at="2022-04-24T20:01:29 IST" name="Default suite" finished-at="2022-04-24T20:01:29 IST" duration-ms="125">
    <groups>
    </groups>
    <test started-at="2022-04-24T20:01:29 IST" name="Default test" finished-at="2022-04-24T20:01:29 IST" duration-ms="125">
      <class name="qaclickacademy.Mavenjava.AppiumTest">
        <test-method signature="deleteTwitter()[pri:0, instance:qaclickacademy.Mavenjava.AppiumTest@2b91004a]" started-at="2022-04-24T20:01:29 IST" name="deleteTwitter" finished-at="2022-04-24T20:01:29 IST" duration-ms="17" status="PASS">
          <reporter-output>
          </reporter-output>
        </test-method> <!-- deleteTwitter -->
        <test-method signature="postJira()[pri:0, instance:qaclickacademy.Mavenjava.AppiumTest@2b91004a]" started-at="2022-04-24T20:01:29 IST" name="postJira" finished-at="2022-04-24T20:01:29 IST" duration-ms="1" status="PASS">
          <reporter-output>
          </reporter-output>
        </test-method> <!-- postJira -->
      </class> <!-- qaclickacademy.Mavenjava.AppiumTest -->
      <class name="qaclickacademy.Mavenjava.RestApiTest">
        <test-method signature="IOSApp()[pri:0, instance:qaclickacademy.Mavenjava.RestApiTest@2c35e847]" started-at="2022-04-24T20:01:29 IST" name="IOSApp" finished-at="2022-04-24T20:01:29 IST" duration-ms="2" status="PASS">
          <reporter-output>
          </reporter-output>
        </test-method> <!-- IOSApp -->
        <test-method signature="nativeAppAndroid()[pri:0, instance:qaclickacademy.Mavenjava.RestApiTest@2c35e847]" started-at="2022-04-24T20:01:29 IST" name="nativeAppAndroid" finished-at="2022-04-24T20:01:29 IST" duration-ms="1" status="PASS">
          <reporter-output>
          </reporter-output>
        </test-method> <!-- nativeAppAndroid -->
      </class> <!-- qaclickacademy.Mavenjava.RestApiTest -->
      <class name="qaclickacademy.Mavenjava.SeleniumTest">
        <test-method signature="elementUi()[pri:0, instance:qaclickacademy.Mavenjava.SeleniumTest@7bd4937b]" started-at="2022-04-24T20:01:29 IST" name="elementUi" finished-at="2022-04-24T20:01:29 IST" duration-ms="1" status="PASS">
          <reporter-output>
          </reporter-output>
        </test-method> <!-- elementUi -->
      </class> <!-- qaclickacademy.Mavenjava.SeleniumTest -->
    </test> <!-- Default test -->
  </suite> <!-- Default suite -->
</testng-results>
